<?xml version="1.0" encoding="UTF-8"?>
<testsuite xmlns:xsi="http://www.w3.org/2001/XMLSchema-instance" xsi:noNamespaceSchemaLocation="https://maven.apache.org/surefire/maven-surefire-plugin/xsd/surefire-test-report.xsd" version="3.0.2" name="com.example.test.TestApplicationTests" time="1.088" tests="1" errors="0" skipped="0" failures="0">
  <properties>
[...]
</properties>
  <testcase name="contextLoads" classname="com.example.test.TestApplicationTests" time="0.01">
    <system-out><![CDATA[2025-10-30T14:44:24.568+01:00  INFO 156763 --- [rpg-multijoueur] [           main] t.c.s.AnnotationConfigContextLoaderUtils : Could not detect default configuration classes for test class [com.example.test.TestApplicationTests]: TestApplicationTests does not declare any static, non-private, non-final, nested classes annotated with @Configuration.
2025-10-30T14:44:24.574+01:00  INFO 156763 --- [rpg-multijoueur] [           main] .b.t.c.SpringBootTestContextBootstrapper : Found @SpringBootConfiguration com.example.test.TestApplication for test class com.example.test.TestApplicationTests
2025-10-30T14:44:24.582+01:00  INFO 156763 --- [rpg-multijoueur] [           main] o.s.b.d.r.RestartApplicationListener     : Restart disabled due to context in which it is running

  .   ____          _            __ _ _
 /\\ / ___'_ __ _ _(_)_ __  __ _ \ \ \ \
( ( )\___ | '_ | '_| | '_ \/ _` | \ \ \ \
 \\/  ___)| |_)| | | | | || (_| |  ) ) ) )
  '  |____| .__|_| |_|_| |_\__, | / / / /
 =========|_|==============|___/=/_/_/_/

 :: Spring Boot ::                (v3.5.6)

2025-10-30T14:44:24.608+01:00  INFO 156763 --- [rpg-multijoueur] [           main] com.example.test.TestApplicationTests    : Starting TestApplicationTests using Java 25 with PID 156763 (started by billy in /home/billy/MMO-RPG)
2025-10-30T14:44:24.608+01:00  INFO 156763 --- [rpg-multijoueur] [           main] com.example.test.TestApplicationTests    : The following 1 profile is active: "test"
2025-10-30T14:44:24.824+01:00  INFO 156763 --- [rpg-multijoueur] [           main] .s.d.r.c.RepositoryConfigurationDelegate : Bootstrapping Spring Data JPA repositories in DEFAULT mode.
2025-10-30T14:44:24.831+01:00  INFO 156763 --- [rpg-multijoueur] [           main] .s.d.r.c.RepositoryConfigurationDelegate : Finished Spring Data repository scanning in 5 ms. Found 2 JPA repository interfaces.
2025-10-30T14:44:25.152+01:00  INFO 156763 --- [rpg-multijoueur] [           main] o.hibernate.jpa.internal.util.LogHelper  : HHH000204: Processing PersistenceUnitInfo [name: default]
2025-10-30T14:44:25.155+01:00  INFO 156763 --- [rpg-multijoueur] [           main] o.h.c.internal.RegionFactoryInitiator    : HHH000026: Second-level cache disabled
2025-10-30T14:44:25.162+01:00  INFO 156763 --- [rpg-multijoueur] [           main] o.s.o.j.p.SpringPersistenceUnitInfo      : No LoadTimeWeaver setup: ignoring JPA class transformer
2025-10-30T14:44:25.162+01:00  INFO 156763 --- [rpg-multijoueur] [           main] com.zaxxer.hikari.HikariDataSource       : HikariPool-2 - Starting...
2025-10-30T14:44:25.164+01:00  INFO 156763 --- [rpg-multijoueur] [           main] com.zaxxer.hikari.pool.HikariPool        : HikariPool-2 - Added connection conn10: url=jdbc:h2:mem:testdb user=SA
2025-10-30T14:44:25.164+01:00  INFO 156763 --- [rpg-multijoueur] [           main] com.zaxxer.hikari.HikariDataSource       : HikariPool-2 - Start completed.
2025-10-30T14:44:25.164+01:00  WARN 156763 --- [rpg-multijoueur] [           main] org.hibernate.orm.deprecation            : HHH90000025: H2Dialect does not need to be specified explicitly using 'hibernate.dialect' (remove the property setting and it will be selected by default)
2025-10-30T14:44:25.165+01:00  INFO 156763 --- [rpg-multijoueur] [           main] org.hibernate.orm.connections.pooling    : HHH10001005: Database info:
	Database JDBC URL [Connecting through datasource 'HikariDataSource (HikariPool-2)']
	Database driver: undefined/unknown
	Database version: 2.3.232
	Autocommit mode: undefined/unknown
	Isolation level: undefined/unknown
	Minimum pool size: undefined/unknown
	Maximum pool size: undefined/unknown
2025-10-30T14:44:25.207+01:00  INFO 156763 --- [rpg-multijoueur] [           main] o.h.e.t.j.p.i.JtaPlatformInitiator       : HHH000489: No JTA platform available (set 'hibernate.transaction.jta.platform' to enable JTA platform integration)
2025-10-30T14:44:25.207+01:00 DEBUG 156763 --- [rpg-multijoueur] [           main] org.hibernate.SQL                        : 
    drop table if exists characters cascade 
Hibernate: 
    drop table if exists characters cascade 
2025-10-30T14:44:25.209+01:00 DEBUG 156763 --- [rpg-multijoueur] [           main] org.hibernate.SQL                        : 
    drop table if exists utilisateur_roles cascade 
Hibernate: 
    drop table if exists utilisateur_roles cascade 
2025-10-30T14:44:25.209+01:00 DEBUG 156763 --- [rpg-multijoueur] [           main] org.hibernate.SQL                        : 
    drop table if exists utilisateurs cascade 
Hibernate: 
    drop table if exists utilisateurs cascade 
2025-10-30T14:44:25.210+01:00 DEBUG 156763 --- [rpg-multijoueur] [           main] org.hibernate.SQL                        : 
    create table characters (
        crit_rate integer not null,
        current_hp integer not null,
        current_mp integer not null,
        destiny integer not null,
        evade integer not null,
        experience integer not null,
        hit integer not null,
        level integer not null,
        magic_attack integer not null,
        magic_defense integer not null,
        magic_evade integer not null,
        magic_hit integer not null,
        max_hp integer not null,
        max_mp integer not null,
        move integer not null,
        physical_attack integer not null,
        physical_defense integer not null,
        positionx float(53) not null,
        positiony float(53) not null,
        speed integer not null,
        created_at timestamp(6) not null,
        id bigint generated by default as identity,
        updated_at timestamp(6) not null,
        utilisateur_id bigint not null,
        name varchar(50) not null unique,
        character_class enum ('BARD','BLACK_MAGE','CHEMIST','DANCER','DARK_KNIGHT','DRAGOON','GEOMANCER','KNIGHT','MIME','MONK','MYSTIC','NINJA','SAMURAI','SQUIRE','SUMMONER','THIEF','TIME_MAGE','WHITE_MAGE') not null,
        state enum ('COMBAT','HUB','MORT','SOCIAL') not null,
        primary key (id)
    )
Hibernate: 
    create table characters (
        crit_rate integer not null,
        current_hp integer not null,
        current_mp integer not null,
        destiny integer not null,
        evade integer not null,
        experience integer not null,
        hit integer not null,
        level integer not null,
        magic_attack integer not null,
        magic_defense integer not null,
        magic_evade integer not null,
        magic_hit integer not null,
        max_hp integer not null,
        max_mp integer not null,
        move integer not null,
        physical_attack integer not null,
        physical_defense integer not null,
        positionx float(53) not null,
        positiony float(53) not null,
        speed integer not null,
        created_at timestamp(6) not null,
        id bigint generated by default as identity,
        updated_at timestamp(6) not null,
        utilisateur_id bigint not null,
        name varchar(50) not null unique,
        character_class enum ('BARD','BLACK_MAGE','CHEMIST','DANCER','DARK_KNIGHT','DRAGOON','GEOMANCER','KNIGHT','MIME','MONK','MYSTIC','NINJA','SAMURAI','SQUIRE','SUMMONER','THIEF','TIME_MAGE','WHITE_MAGE') not null,
        state enum ('COMBAT','HUB','MORT','SOCIAL') not null,
        primary key (id)
    )
2025-10-30T14:44:25.212+01:00 DEBUG 156763 --- [rpg-multijoueur] [           main] org.hibernate.SQL                        : 
    create table utilisateur_roles (
        utilisateur_id bigint not null,
        role varchar(255)
    )
Hibernate: 
    create table utilisateur_roles (
        utilisateur_id bigint not null,
        role varchar(255)
    )
2025-10-30T14:44:25.212+01:00 DEBUG 156763 --- [rpg-multijoueur] [           main] org.hibernate.SQL                        : 
    create table utilisateurs (
        enabled boolean not null,
        created_at timestamp(6) not null,
        id bigint generated by default as identity,
        username varchar(50) not null unique,
        email varchar(255) not null unique,
        password varchar(255) not null,
        primary key (id)
    )
Hibernate: 
    create table utilisateurs (
        enabled boolean not null,
        created_at timestamp(6) not null,
        id bigint generated by default as identity,
        username varchar(50) not null unique,
        email varchar(255) not null unique,
        password varchar(255) not null,
        primary key (id)
    )
2025-10-30T14:44:25.214+01:00 DEBUG 156763 --- [rpg-multijoueur] [           main] org.hibernate.SQL                        : 
    alter table if exists characters 
       add constraint FKmtfwugygwodkxc9yal0of4c9e 
       foreign key (utilisateur_id) 
       references utilisateurs
Hibernate: 
    alter table if exists characters 
       add constraint FKmtfwugygwodkxc9yal0of4c9e 
       foreign key (utilisateur_id) 
       references utilisateurs
2025-10-30T14:44:25.215+01:00 DEBUG 156763 --- [rpg-multijoueur] [           main] org.hibernate.SQL                        : 
    alter table if exists utilisateur_roles 
       add constraint FK7fm9de8itma0gr6wpblfr5o0o 
       foreign key (utilisateur_id) 
       references utilisateurs
Hibernate: 
    alter table if exists utilisateur_roles 
       add constraint FK7fm9de8itma0gr6wpblfr5o0o 
       foreign key (utilisateur_id) 
       references utilisateurs
2025-10-30T14:44:25.217+01:00  INFO 156763 --- [rpg-multijoueur] [           main] j.LocalContainerEntityManagerFactoryBean : Initialized JPA EntityManagerFactory for persistence unit 'default'
2025-10-30T14:44:25.312+01:00  INFO 156763 --- [rpg-multijoueur] [           main] c.example.rpg.websocket.WebSocketConfig  : Message broker configuré - /topic, /queue, /app
2025-10-30T14:44:25.352+01:00  WARN 156763 --- [rpg-multijoueur] [           main] JpaBaseConfiguration$JpaWebConfiguration : spring.jpa.open-in-view is enabled by default. Therefore, database queries may be performed during view rendering. Explicitly configure spring.jpa.open-in-view to disable this warning
2025-10-30T14:44:25.362+01:00  INFO 156763 --- [rpg-multijoueur] [           main] c.example.rpg.websocket.WebSocketConfig  : Endpoints STOMP enregistrés - /ws (natif) et /ws-sockjs (avec SockJS)
2025-10-30T14:44:25.465+01:00  INFO 156763 --- [rpg-multijoueur] [           main] o.s.b.a.e.web.EndpointLinksResolver      : Exposing 3 endpoints beneath base path '/actuator'
2025-10-30T14:44:25.481+01:00  INFO 156763 --- [rpg-multijoueur] [           main] eAuthenticationProviderManagerConfigurer : Global AuthenticationManager configured with AuthenticationProvider bean with name authProvider
2025-10-30T14:44:25.481+01:00  WARN 156763 --- [rpg-multijoueur] [           main] r$InitializeUserDetailsManagerConfigurer : Global AuthenticationManager configured with an AuthenticationProvider bean. UserDetailsService beans will not be used by Spring Security for automatically configuring username/password login. Consider removing the AuthenticationProvider bean. Alternatively, consider using the UserDetailsService in a manually instantiated DaoAuthenticationProvider. If the current configuration is intentional, to turn off this warning, increase the logging level of 'org.springframework.security.config.annotation.authentication.configuration.InitializeUserDetailsBeanManagerConfigurer' to ERROR
2025-10-30T14:44:25.496+01:00 DEBUG 156763 --- [rpg-multijoueur] [           main] o.s.s.web.DefaultSecurityFilterChain     : Will secure any request with filters: DisableEncodeUrlFilter, WebAsyncManagerIntegrationFilter, SecurityContextHolderFilter, HeaderWriterFilter, CorsFilter, LogoutFilter, JwtFilter, RequestCacheAwareFilter, SecurityContextHolderAwareRequestFilter, AnonymousAuthenticationFilter, SessionManagementFilter, ExceptionTranslationFilter, AuthorizationFilter
2025-10-30T14:44:25.625+01:00  INFO 156763 --- [rpg-multijoueur] [           main] o.s.m.s.b.SimpleBrokerMessageHandler     : Starting...
2025-10-30T14:44:25.625+01:00  INFO 156763 --- [rpg-multijoueur] [           main] o.s.m.s.b.SimpleBrokerMessageHandler     : BrokerAvailabilityEvent[available=true, SimpleBrokerMessageHandler [org.springframework.messaging.simp.broker.DefaultSubscriptionRegistry@2f6f7113]]
2025-10-30T14:44:25.626+01:00  INFO 156763 --- [rpg-multijoueur] [           main] o.s.m.s.b.SimpleBrokerMessageHandler     : Started.
2025-10-30T14:44:25.634+01:00  INFO 156763 --- [rpg-multijoueur] [           main] com.example.test.TestApplicationTests    : Started TestApplicationTests in 1.052 seconds (process running for 16.121)
]]></system-out>
  </testcase>
</testsuite>