<?xml version="1.0" encoding="UTF-8"?>
<testsuite xmlns:xsi="http://www.w3.org/2001/XMLSchema-instance" xsi:noNamespaceSchemaLocation="https://maven.apache.org/surefire/maven-surefire-plugin/xsd/surefire-test-report.xsd" version="3.0.2" name="com.example.rpg.controller.CharacterControllerIntegrationTest" time="1.039" tests="4" errors="0" skipped="0" failures="0">
  <properties>
[...]
</properties>
  <testcase name="createCharacter_success" classname="com.example.rpg.controller.CharacterControllerIntegrationTest" time="0.386">
    <system-out><![CDATA[2025-10-30T14:44:23.549+01:00 DEBUG 156763 --- [rpg-multijoueur] [           main] org.hibernate.SQL                        : 
    select
        c1_0.id,
        c1_0.character_class,
        c1_0.created_at,
        c1_0.crit_rate,
        c1_0.current_hp,
        c1_0.current_mp,
        c1_0.destiny,
        c1_0.evade,
        c1_0.experience,
        c1_0.hit,
        c1_0.level,
        c1_0.magic_defense,
        c1_0.magic_attack,
        c1_0.magic_evade,
        c1_0.magic_hit,
        c1_0.max_hp,
        c1_0.max_mp,
        c1_0.move,
        c1_0.name,
        c1_0.physical_defense,
        c1_0.physical_attack,
        c1_0.positionx,
        c1_0.positiony,
        c1_0.speed,
        c1_0.state,
        c1_0.updated_at,
        c1_0.utilisateur_id 
    from
        characters c1_0
Hibernate: 
    select
        c1_0.id,
        c1_0.character_class,
        c1_0.created_at,
        c1_0.crit_rate,
        c1_0.current_hp,
        c1_0.current_mp,
        c1_0.destiny,
        c1_0.evade,
        c1_0.experience,
        c1_0.hit,
        c1_0.level,
        c1_0.magic_defense,
        c1_0.magic_attack,
        c1_0.magic_evade,
        c1_0.magic_hit,
        c1_0.max_hp,
        c1_0.max_mp,
        c1_0.move,
        c1_0.name,
        c1_0.physical_defense,
        c1_0.physical_attack,
        c1_0.positionx,
        c1_0.positiony,
        c1_0.speed,
        c1_0.state,
        c1_0.updated_at,
        c1_0.utilisateur_id 
    from
        characters c1_0
2025-10-30T14:44:23.556+01:00 DEBUG 156763 --- [rpg-multijoueur] [           main] org.hibernate.SQL                        : 
    select
        u1_0.id,
        u1_0.created_at,
        u1_0.email,
        u1_0.enabled,
        u1_0.password,
        u1_0.username 
    from
        utilisateurs u1_0
Hibernate: 
    select
        u1_0.id,
        u1_0.created_at,
        u1_0.email,
        u1_0.enabled,
        u1_0.password,
        u1_0.username 
    from
        utilisateurs u1_0
2025-10-30T14:44:23.559+01:00 DEBUG 156763 --- [rpg-multijoueur] [           main] org.hibernate.SQL                        : 
    select
        r1_0.utilisateur_id,
        r1_0.role 
    from
        utilisateur_roles r1_0 
    where
        r1_0.utilisateur_id=?
Hibernate: 
    select
        r1_0.utilisateur_id,
        r1_0.role 
    from
        utilisateur_roles r1_0 
    where
        r1_0.utilisateur_id=?
2025-10-30T14:44:23.560+01:00 DEBUG 156763 --- [rpg-multijoueur] [           main] org.hibernate.SQL                        : 
    delete 
    from
        utilisateur_roles 
    where
        utilisateur_id=?
Hibernate: 
    delete 
    from
        utilisateur_roles 
    where
        utilisateur_id=?
2025-10-30T14:44:23.561+01:00 DEBUG 156763 --- [rpg-multijoueur] [           main] org.hibernate.SQL                        : 
    delete 
    from
        utilisateurs 
    where
        id=?
Hibernate: 
    delete 
    from
        utilisateurs 
    where
        id=?
2025-10-30T14:44:23.564+01:00 DEBUG 156763 --- [rpg-multijoueur] [           main] o.s.security.web.FilterChainProxy        : Securing POST /auth/register
2025-10-30T14:44:23.565+01:00 DEBUG 156763 --- [rpg-multijoueur] [           main] o.s.s.w.a.AnonymousAuthenticationFilter  : Set SecurityContextHolder to anonymous SecurityContext
2025-10-30T14:44:23.565+01:00 DEBUG 156763 --- [rpg-multijoueur] [           main] o.s.security.web.FilterChainProxy        : Secured POST /auth/register
2025-10-30T14:44:23.569+01:00 DEBUG 156763 --- [rpg-multijoueur] [           main] org.hibernate.SQL                        : 
    select
        u1_0.id 
    from
        utilisateurs u1_0 
    where
        u1_0.username=? 
    fetch
        first ? rows only
Hibernate: 
    select
        u1_0.id 
    from
        utilisateurs u1_0 
    where
        u1_0.username=? 
    fetch
        first ? rows only
2025-10-30T14:44:23.571+01:00 DEBUG 156763 --- [rpg-multijoueur] [           main] org.hibernate.SQL                        : 
    select
        u1_0.id 
    from
        utilisateurs u1_0 
    where
        u1_0.email=? 
    fetch
        first ? rows only
Hibernate: 
    select
        u1_0.id 
    from
        utilisateurs u1_0 
    where
        u1_0.email=? 
    fetch
        first ? rows only
2025-10-30T14:44:23.647+01:00 DEBUG 156763 --- [rpg-multijoueur] [           main] org.hibernate.SQL                        : 
    insert 
    into
        utilisateurs
        (created_at, email, enabled, password, username, id) 
    values
        (?, ?, ?, ?, ?, default)
Hibernate: 
    insert 
    into
        utilisateurs
        (created_at, email, enabled, password, username, id) 
    values
        (?, ?, ?, ?, ?, default)
2025-10-30T14:44:23.649+01:00 DEBUG 156763 --- [rpg-multijoueur] [           main] org.hibernate.SQL                        : 
    insert 
    into
        utilisateur_roles
        (utilisateur_id, role) 
    values
        (?, ?)
Hibernate: 
    insert 
    into
        utilisateur_roles
        (utilisateur_id, role) 
    values
        (?, ?)
2025-10-30T14:44:23.651+01:00 DEBUG 156763 --- [rpg-multijoueur] [           main] org.hibernate.SQL                        : 
    select
        u1_0.id,
        u1_0.created_at,
        u1_0.email,
        u1_0.enabled,
        u1_0.password,
        u1_0.username 
    from
        utilisateurs u1_0 
    where
        u1_0.username=?
Hibernate: 
    select
        u1_0.id,
        u1_0.created_at,
        u1_0.email,
        u1_0.enabled,
        u1_0.password,
        u1_0.username 
    from
        utilisateurs u1_0 
    where
        u1_0.username=?
2025-10-30T14:44:23.654+01:00 DEBUG 156763 --- [rpg-multijoueur] [           main] o.s.security.web.FilterChainProxy        : Securing POST /auth/login
2025-10-30T14:44:23.655+01:00 DEBUG 156763 --- [rpg-multijoueur] [           main] o.s.s.w.a.AnonymousAuthenticationFilter  : Set SecurityContextHolder to anonymous SecurityContext
2025-10-30T14:44:23.655+01:00 DEBUG 156763 --- [rpg-multijoueur] [           main] o.s.security.web.FilterChainProxy        : Secured POST /auth/login
2025-10-30T14:44:23.657+01:00 DEBUG 156763 --- [rpg-multijoueur] [           main] org.hibernate.SQL                        : 
    select
        u1_0.id,
        u1_0.created_at,
        u1_0.email,
        u1_0.enabled,
        u1_0.password,
        u1_0.username 
    from
        utilisateurs u1_0 
    where
        u1_0.username=?
Hibernate: 
    select
        u1_0.id,
        u1_0.created_at,
        u1_0.email,
        u1_0.enabled,
        u1_0.password,
        u1_0.username 
    from
        utilisateurs u1_0 
    where
        u1_0.username=?
2025-10-30T14:44:23.659+01:00 DEBUG 156763 --- [rpg-multijoueur] [           main] org.hibernate.SQL                        : 
    select
        r1_0.utilisateur_id,
        r1_0.role 
    from
        utilisateur_roles r1_0 
    where
        r1_0.utilisateur_id=?
Hibernate: 
    select
        r1_0.utilisateur_id,
        r1_0.role 
    from
        utilisateur_roles r1_0 
    where
        r1_0.utilisateur_id=?
2025-10-30T14:44:23.726+01:00 DEBUG 156763 --- [rpg-multijoueur] [           main] org.hibernate.SQL                        : 
    select
        u1_0.id,
        u1_0.created_at,
        u1_0.email,
        u1_0.enabled,
        u1_0.password,
        u1_0.username 
    from
        utilisateurs u1_0 
    where
        u1_0.username=?
Hibernate: 
    select
        u1_0.id,
        u1_0.created_at,
        u1_0.email,
        u1_0.enabled,
        u1_0.password,
        u1_0.username 
    from
        utilisateurs u1_0 
    where
        u1_0.username=?
2025-10-30T14:44:23.766+01:00 DEBUG 156763 --- [rpg-multijoueur] [           main] o.s.security.web.FilterChainProxy        : Securing POST /api/character/create
2025-10-30T14:44:23.863+01:00 DEBUG 156763 --- [rpg-multijoueur] [           main] org.hibernate.SQL                        : 
    select
        u1_0.id,
        u1_0.created_at,
        u1_0.email,
        u1_0.enabled,
        u1_0.password,
        u1_0.username 
    from
        utilisateurs u1_0 
    where
        u1_0.username=?
Hibernate: 
    select
        u1_0.id,
        u1_0.created_at,
        u1_0.email,
        u1_0.enabled,
        u1_0.password,
        u1_0.username 
    from
        utilisateurs u1_0 
    where
        u1_0.username=?
2025-10-30T14:44:23.865+01:00 DEBUG 156763 --- [rpg-multijoueur] [           main] org.hibernate.SQL                        : 
    select
        r1_0.utilisateur_id,
        r1_0.role 
    from
        utilisateur_roles r1_0 
    where
        r1_0.utilisateur_id=?
Hibernate: 
    select
        r1_0.utilisateur_id,
        r1_0.role 
    from
        utilisateur_roles r1_0 
    where
        r1_0.utilisateur_id=?
2025-10-30T14:44:23.869+01:00 DEBUG 156763 --- [rpg-multijoueur] [           main] o.s.security.web.FilterChainProxy        : Secured POST /api/character/create
2025-10-30T14:44:23.884+01:00 DEBUG 156763 --- [rpg-multijoueur] [           main] org.hibernate.SQL                        : 
    select
        u1_0.id,
        u1_0.created_at,
        u1_0.email,
        u1_0.enabled,
        u1_0.password,
        u1_0.username 
    from
        utilisateurs u1_0 
    where
        u1_0.username=?
Hibernate: 
    select
        u1_0.id,
        u1_0.created_at,
        u1_0.email,
        u1_0.enabled,
        u1_0.password,
        u1_0.username 
    from
        utilisateurs u1_0 
    where
        u1_0.username=?
2025-10-30T14:44:23.886+01:00 DEBUG 156763 --- [rpg-multijoueur] [           main] org.hibernate.SQL                        : 
    select
        r1_0.utilisateur_id,
        r1_0.role 
    from
        utilisateur_roles r1_0 
    where
        r1_0.utilisateur_id=?
Hibernate: 
    select
        r1_0.utilisateur_id,
        r1_0.role 
    from
        utilisateur_roles r1_0 
    where
        r1_0.utilisateur_id=?
2025-10-30T14:44:23.892+01:00 DEBUG 156763 --- [rpg-multijoueur] [           main] org.hibernate.SQL                        : 
    select
        count(c1_0.id) 
    from
        characters c1_0 
    left join
        utilisateurs u1_0 
            on u1_0.id=c1_0.utilisateur_id 
    where
        u1_0.id=?
Hibernate: 
    select
        count(c1_0.id) 
    from
        characters c1_0 
    left join
        utilisateurs u1_0 
            on u1_0.id=c1_0.utilisateur_id 
    where
        u1_0.id=?
2025-10-30T14:44:23.899+01:00 DEBUG 156763 --- [rpg-multijoueur] [           main] org.hibernate.SQL                        : 
    select
        c1_0.id 
    from
        characters c1_0 
    where
        c1_0.name=? 
    fetch
        first ? rows only
Hibernate: 
    select
        c1_0.id 
    from
        characters c1_0 
    where
        c1_0.name=? 
    fetch
        first ? rows only
2025-10-30T14:44:23.902+01:00 DEBUG 156763 --- [rpg-multijoueur] [           main] org.hibernate.SQL                        : 
    insert 
    into
        characters
        (character_class, created_at, crit_rate, current_hp, current_mp, destiny, evade, experience, hit, level, magic_defense, magic_attack, magic_evade, magic_hit, max_hp, max_mp, move, name, physical_defense, physical_attack, positionx, positiony, speed, state, updated_at, utilisateur_id, id) 
    values
        (?, ?, ?, ?, ?, ?, ?, ?, ?, ?, ?, ?, ?, ?, ?, ?, ?, ?, ?, ?, ?, ?, ?, ?, ?, ?, default)
Hibernate: 
    insert 
    into
        characters
        (character_class, created_at, crit_rate, current_hp, current_mp, destiny, evade, experience, hit, level, magic_defense, magic_attack, magic_evade, magic_hit, max_hp, max_mp, move, name, physical_defense, physical_attack, positionx, positiony, speed, state, updated_at, utilisateur_id, id) 
    values
        (?, ?, ?, ?, ?, ?, ?, ?, ?, ?, ?, ?, ?, ?, ?, ?, ?, ?, ?, ?, ?, ?, ?, ?, ?, ?, default)
]]></system-out>
  </testcase>
  <testcase name="getMyCharacter_success_afterCreate" classname="com.example.rpg.controller.CharacterControllerIntegrationTest" time="0.232">
    <system-out><![CDATA[2025-10-30T14:44:23.932+01:00 DEBUG 156763 --- [rpg-multijoueur] [           main] org.hibernate.SQL                        : 
    select
        c1_0.id,
        c1_0.character_class,
        c1_0.created_at,
        c1_0.crit_rate,
        c1_0.current_hp,
        c1_0.current_mp,
        c1_0.destiny,
        c1_0.evade,
        c1_0.experience,
        c1_0.hit,
        c1_0.level,
        c1_0.magic_defense,
        c1_0.magic_attack,
        c1_0.magic_evade,
        c1_0.magic_hit,
        c1_0.max_hp,
        c1_0.max_mp,
        c1_0.move,
        c1_0.name,
        c1_0.physical_defense,
        c1_0.physical_attack,
        c1_0.positionx,
        c1_0.positiony,
        c1_0.speed,
        c1_0.state,
        c1_0.updated_at,
        c1_0.utilisateur_id 
    from
        characters c1_0
Hibernate: 
    select
        c1_0.id,
        c1_0.character_class,
        c1_0.created_at,
        c1_0.crit_rate,
        c1_0.current_hp,
        c1_0.current_mp,
        c1_0.destiny,
        c1_0.evade,
        c1_0.experience,
        c1_0.hit,
        c1_0.level,
        c1_0.magic_defense,
        c1_0.magic_attack,
        c1_0.magic_evade,
        c1_0.magic_hit,
        c1_0.max_hp,
        c1_0.max_mp,
        c1_0.move,
        c1_0.name,
        c1_0.physical_defense,
        c1_0.physical_attack,
        c1_0.positionx,
        c1_0.positiony,
        c1_0.speed,
        c1_0.state,
        c1_0.updated_at,
        c1_0.utilisateur_id 
    from
        characters c1_0
2025-10-30T14:44:23.939+01:00 DEBUG 156763 --- [rpg-multijoueur] [           main] org.hibernate.SQL                        : 
    select
        u1_0.id,
        u1_0.created_at,
        u1_0.email,
        u1_0.enabled,
        u1_0.password,
        r1_0.utilisateur_id,
        r1_0.role,
        u1_0.username 
    from
        utilisateurs u1_0 
    left join
        utilisateur_roles r1_0 
            on u1_0.id=r1_0.utilisateur_id 
    where
        u1_0.id=?
Hibernate: 
    select
        u1_0.id,
        u1_0.created_at,
        u1_0.email,
        u1_0.enabled,
        u1_0.password,
        r1_0.utilisateur_id,
        r1_0.role,
        u1_0.username 
    from
        utilisateurs u1_0 
    left join
        utilisateur_roles r1_0 
            on u1_0.id=r1_0.utilisateur_id 
    where
        u1_0.id=?
2025-10-30T14:44:23.943+01:00 DEBUG 156763 --- [rpg-multijoueur] [           main] org.hibernate.SQL                        : 
    delete 
    from
        characters 
    where
        id=?
Hibernate: 
    delete 
    from
        characters 
    where
        id=?
2025-10-30T14:44:23.945+01:00 DEBUG 156763 --- [rpg-multijoueur] [           main] org.hibernate.SQL                        : 
    select
        u1_0.id,
        u1_0.created_at,
        u1_0.email,
        u1_0.enabled,
        u1_0.password,
        u1_0.username 
    from
        utilisateurs u1_0
Hibernate: 
    select
        u1_0.id,
        u1_0.created_at,
        u1_0.email,
        u1_0.enabled,
        u1_0.password,
        u1_0.username 
    from
        utilisateurs u1_0
2025-10-30T14:44:23.947+01:00 DEBUG 156763 --- [rpg-multijoueur] [           main] org.hibernate.SQL                        : 
    select
        r1_0.utilisateur_id,
        r1_0.role 
    from
        utilisateur_roles r1_0 
    where
        r1_0.utilisateur_id=?
Hibernate: 
    select
        r1_0.utilisateur_id,
        r1_0.role 
    from
        utilisateur_roles r1_0 
    where
        r1_0.utilisateur_id=?
2025-10-30T14:44:23.948+01:00 DEBUG 156763 --- [rpg-multijoueur] [           main] org.hibernate.SQL                        : 
    delete 
    from
        utilisateur_roles 
    where
        utilisateur_id=?
Hibernate: 
    delete 
    from
        utilisateur_roles 
    where
        utilisateur_id=?
2025-10-30T14:44:23.949+01:00 DEBUG 156763 --- [rpg-multijoueur] [           main] org.hibernate.SQL                        : 
    delete 
    from
        utilisateurs 
    where
        id=?
Hibernate: 
    delete 
    from
        utilisateurs 
    where
        id=?
2025-10-30T14:44:23.952+01:00 DEBUG 156763 --- [rpg-multijoueur] [           main] o.s.security.web.FilterChainProxy        : Securing POST /auth/register
2025-10-30T14:44:23.953+01:00 DEBUG 156763 --- [rpg-multijoueur] [           main] o.s.s.w.a.AnonymousAuthenticationFilter  : Set SecurityContextHolder to anonymous SecurityContext
2025-10-30T14:44:23.953+01:00 DEBUG 156763 --- [rpg-multijoueur] [           main] o.s.security.web.FilterChainProxy        : Secured POST /auth/register
2025-10-30T14:44:23.956+01:00 DEBUG 156763 --- [rpg-multijoueur] [           main] org.hibernate.SQL                        : 
    select
        u1_0.id 
    from
        utilisateurs u1_0 
    where
        u1_0.username=? 
    fetch
        first ? rows only
Hibernate: 
    select
        u1_0.id 
    from
        utilisateurs u1_0 
    where
        u1_0.username=? 
    fetch
        first ? rows only
2025-10-30T14:44:23.959+01:00 DEBUG 156763 --- [rpg-multijoueur] [           main] org.hibernate.SQL                        : 
    select
        u1_0.id 
    from
        utilisateurs u1_0 
    where
        u1_0.email=? 
    fetch
        first ? rows only
Hibernate: 
    select
        u1_0.id 
    from
        utilisateurs u1_0 
    where
        u1_0.email=? 
    fetch
        first ? rows only
2025-10-30T14:44:24.032+01:00 DEBUG 156763 --- [rpg-multijoueur] [           main] org.hibernate.SQL                        : 
    insert 
    into
        utilisateurs
        (created_at, email, enabled, password, username, id) 
    values
        (?, ?, ?, ?, ?, default)
Hibernate: 
    insert 
    into
        utilisateurs
        (created_at, email, enabled, password, username, id) 
    values
        (?, ?, ?, ?, ?, default)
2025-10-30T14:44:24.034+01:00 DEBUG 156763 --- [rpg-multijoueur] [           main] org.hibernate.SQL                        : 
    insert 
    into
        utilisateur_roles
        (utilisateur_id, role) 
    values
        (?, ?)
Hibernate: 
    insert 
    into
        utilisateur_roles
        (utilisateur_id, role) 
    values
        (?, ?)
2025-10-30T14:44:24.036+01:00 DEBUG 156763 --- [rpg-multijoueur] [           main] org.hibernate.SQL                        : 
    select
        u1_0.id,
        u1_0.created_at,
        u1_0.email,
        u1_0.enabled,
        u1_0.password,
        u1_0.username 
    from
        utilisateurs u1_0 
    where
        u1_0.username=?
Hibernate: 
    select
        u1_0.id,
        u1_0.created_at,
        u1_0.email,
        u1_0.enabled,
        u1_0.password,
        u1_0.username 
    from
        utilisateurs u1_0 
    where
        u1_0.username=?
2025-10-30T14:44:24.039+01:00 DEBUG 156763 --- [rpg-multijoueur] [           main] o.s.security.web.FilterChainProxy        : Securing POST /auth/login
2025-10-30T14:44:24.039+01:00 DEBUG 156763 --- [rpg-multijoueur] [           main] o.s.s.w.a.AnonymousAuthenticationFilter  : Set SecurityContextHolder to anonymous SecurityContext
2025-10-30T14:44:24.040+01:00 DEBUG 156763 --- [rpg-multijoueur] [           main] o.s.security.web.FilterChainProxy        : Secured POST /auth/login
2025-10-30T14:44:24.042+01:00 DEBUG 156763 --- [rpg-multijoueur] [           main] org.hibernate.SQL                        : 
    select
        u1_0.id,
        u1_0.created_at,
        u1_0.email,
        u1_0.enabled,
        u1_0.password,
        u1_0.username 
    from
        utilisateurs u1_0 
    where
        u1_0.username=?
Hibernate: 
    select
        u1_0.id,
        u1_0.created_at,
        u1_0.email,
        u1_0.enabled,
        u1_0.password,
        u1_0.username 
    from
        utilisateurs u1_0 
    where
        u1_0.username=?
2025-10-30T14:44:24.043+01:00 DEBUG 156763 --- [rpg-multijoueur] [           main] org.hibernate.SQL                        : 
    select
        r1_0.utilisateur_id,
        r1_0.role 
    from
        utilisateur_roles r1_0 
    where
        r1_0.utilisateur_id=?
Hibernate: 
    select
        r1_0.utilisateur_id,
        r1_0.role 
    from
        utilisateur_roles r1_0 
    where
        r1_0.utilisateur_id=?
2025-10-30T14:44:24.112+01:00 DEBUG 156763 --- [rpg-multijoueur] [           main] org.hibernate.SQL                        : 
    select
        u1_0.id,
        u1_0.created_at,
        u1_0.email,
        u1_0.enabled,
        u1_0.password,
        u1_0.username 
    from
        utilisateurs u1_0 
    where
        u1_0.username=?
Hibernate: 
    select
        u1_0.id,
        u1_0.created_at,
        u1_0.email,
        u1_0.enabled,
        u1_0.password,
        u1_0.username 
    from
        utilisateurs u1_0 
    where
        u1_0.username=?
2025-10-30T14:44:24.116+01:00 DEBUG 156763 --- [rpg-multijoueur] [           main] o.s.security.web.FilterChainProxy        : Securing POST /api/character/create
2025-10-30T14:44:24.118+01:00 DEBUG 156763 --- [rpg-multijoueur] [           main] org.hibernate.SQL                        : 
    select
        u1_0.id,
        u1_0.created_at,
        u1_0.email,
        u1_0.enabled,
        u1_0.password,
        u1_0.username 
    from
        utilisateurs u1_0 
    where
        u1_0.username=?
Hibernate: 
    select
        u1_0.id,
        u1_0.created_at,
        u1_0.email,
        u1_0.enabled,
        u1_0.password,
        u1_0.username 
    from
        utilisateurs u1_0 
    where
        u1_0.username=?
2025-10-30T14:44:24.119+01:00 DEBUG 156763 --- [rpg-multijoueur] [           main] org.hibernate.SQL                        : 
    select
        r1_0.utilisateur_id,
        r1_0.role 
    from
        utilisateur_roles r1_0 
    where
        r1_0.utilisateur_id=?
Hibernate: 
    select
        r1_0.utilisateur_id,
        r1_0.role 
    from
        utilisateur_roles r1_0 
    where
        r1_0.utilisateur_id=?
2025-10-30T14:44:24.121+01:00 DEBUG 156763 --- [rpg-multijoueur] [           main] o.s.security.web.FilterChainProxy        : Secured POST /api/character/create
2025-10-30T14:44:24.123+01:00 DEBUG 156763 --- [rpg-multijoueur] [           main] org.hibernate.SQL                        : 
    select
        u1_0.id,
        u1_0.created_at,
        u1_0.email,
        u1_0.enabled,
        u1_0.password,
        u1_0.username 
    from
        utilisateurs u1_0 
    where
        u1_0.username=?
Hibernate: 
    select
        u1_0.id,
        u1_0.created_at,
        u1_0.email,
        u1_0.enabled,
        u1_0.password,
        u1_0.username 
    from
        utilisateurs u1_0 
    where
        u1_0.username=?
2025-10-30T14:44:24.124+01:00 DEBUG 156763 --- [rpg-multijoueur] [           main] org.hibernate.SQL                        : 
    select
        r1_0.utilisateur_id,
        r1_0.role 
    from
        utilisateur_roles r1_0 
    where
        r1_0.utilisateur_id=?
Hibernate: 
    select
        r1_0.utilisateur_id,
        r1_0.role 
    from
        utilisateur_roles r1_0 
    where
        r1_0.utilisateur_id=?
2025-10-30T14:44:24.126+01:00 DEBUG 156763 --- [rpg-multijoueur] [           main] org.hibernate.SQL                        : 
    select
        count(c1_0.id) 
    from
        characters c1_0 
    left join
        utilisateurs u1_0 
            on u1_0.id=c1_0.utilisateur_id 
    where
        u1_0.id=?
Hibernate: 
    select
        count(c1_0.id) 
    from
        characters c1_0 
    left join
        utilisateurs u1_0 
            on u1_0.id=c1_0.utilisateur_id 
    where
        u1_0.id=?
2025-10-30T14:44:24.127+01:00 DEBUG 156763 --- [rpg-multijoueur] [           main] org.hibernate.SQL                        : 
    select
        c1_0.id 
    from
        characters c1_0 
    where
        c1_0.name=? 
    fetch
        first ? rows only
Hibernate: 
    select
        c1_0.id 
    from
        characters c1_0 
    where
        c1_0.name=? 
    fetch
        first ? rows only
2025-10-30T14:44:24.128+01:00 DEBUG 156763 --- [rpg-multijoueur] [           main] org.hibernate.SQL                        : 
    insert 
    into
        characters
        (character_class, created_at, crit_rate, current_hp, current_mp, destiny, evade, experience, hit, level, magic_defense, magic_attack, magic_evade, magic_hit, max_hp, max_mp, move, name, physical_defense, physical_attack, positionx, positiony, speed, state, updated_at, utilisateur_id, id) 
    values
        (?, ?, ?, ?, ?, ?, ?, ?, ?, ?, ?, ?, ?, ?, ?, ?, ?, ?, ?, ?, ?, ?, ?, ?, ?, ?, default)
Hibernate: 
    insert 
    into
        characters
        (character_class, created_at, crit_rate, current_hp, current_mp, destiny, evade, experience, hit, level, magic_defense, magic_attack, magic_evade, magic_hit, max_hp, max_mp, move, name, physical_defense, physical_attack, positionx, positiony, speed, state, updated_at, utilisateur_id, id) 
    values
        (?, ?, ?, ?, ?, ?, ?, ?, ?, ?, ?, ?, ?, ?, ?, ?, ?, ?, ?, ?, ?, ?, ?, ?, ?, ?, default)
2025-10-30T14:44:24.133+01:00 DEBUG 156763 --- [rpg-multijoueur] [           main] o.s.security.web.FilterChainProxy        : Securing GET /api/character/me
2025-10-30T14:44:24.135+01:00 DEBUG 156763 --- [rpg-multijoueur] [           main] org.hibernate.SQL                        : 
    select
        u1_0.id,
        u1_0.created_at,
        u1_0.email,
        u1_0.enabled,
        u1_0.password,
        u1_0.username 
    from
        utilisateurs u1_0 
    where
        u1_0.username=?
Hibernate: 
    select
        u1_0.id,
        u1_0.created_at,
        u1_0.email,
        u1_0.enabled,
        u1_0.password,
        u1_0.username 
    from
        utilisateurs u1_0 
    where
        u1_0.username=?
2025-10-30T14:44:24.136+01:00 DEBUG 156763 --- [rpg-multijoueur] [           main] org.hibernate.SQL                        : 
    select
        r1_0.utilisateur_id,
        r1_0.role 
    from
        utilisateur_roles r1_0 
    where
        r1_0.utilisateur_id=?
Hibernate: 
    select
        r1_0.utilisateur_id,
        r1_0.role 
    from
        utilisateur_roles r1_0 
    where
        r1_0.utilisateur_id=?
2025-10-30T14:44:24.139+01:00 DEBUG 156763 --- [rpg-multijoueur] [           main] o.s.security.web.FilterChainProxy        : Secured GET /api/character/me
2025-10-30T14:44:24.143+01:00 DEBUG 156763 --- [rpg-multijoueur] [           main] org.hibernate.SQL                        : 
    select
        u1_0.id,
        u1_0.created_at,
        u1_0.email,
        u1_0.enabled,
        u1_0.password,
        u1_0.username 
    from
        utilisateurs u1_0 
    where
        u1_0.username=?
Hibernate: 
    select
        u1_0.id,
        u1_0.created_at,
        u1_0.email,
        u1_0.enabled,
        u1_0.password,
        u1_0.username 
    from
        utilisateurs u1_0 
    where
        u1_0.username=?
2025-10-30T14:44:24.145+01:00 DEBUG 156763 --- [rpg-multijoueur] [           main] org.hibernate.SQL                        : 
    select
        r1_0.utilisateur_id,
        r1_0.role 
    from
        utilisateur_roles r1_0 
    where
        r1_0.utilisateur_id=?
Hibernate: 
    select
        r1_0.utilisateur_id,
        r1_0.role 
    from
        utilisateur_roles r1_0 
    where
        r1_0.utilisateur_id=?
2025-10-30T14:44:24.149+01:00 DEBUG 156763 --- [rpg-multijoueur] [           main] org.hibernate.SQL                        : 
    select
        c1_0.id,
        c1_0.character_class,
        c1_0.created_at,
        c1_0.crit_rate,
        c1_0.current_hp,
        c1_0.current_mp,
        c1_0.destiny,
        c1_0.evade,
        c1_0.experience,
        c1_0.hit,
        c1_0.level,
        c1_0.magic_defense,
        c1_0.magic_attack,
        c1_0.magic_evade,
        c1_0.magic_hit,
        c1_0.max_hp,
        c1_0.max_mp,
        c1_0.move,
        c1_0.name,
        c1_0.physical_defense,
        c1_0.physical_attack,
        c1_0.positionx,
        c1_0.positiony,
        c1_0.speed,
        c1_0.state,
        c1_0.updated_at,
        c1_0.utilisateur_id 
    from
        characters c1_0 
    left join
        utilisateurs u1_0 
            on u1_0.id=c1_0.utilisateur_id 
    where
        u1_0.id=?
Hibernate: 
    select
        c1_0.id,
        c1_0.character_class,
        c1_0.created_at,
        c1_0.crit_rate,
        c1_0.current_hp,
        c1_0.current_mp,
        c1_0.destiny,
        c1_0.evade,
        c1_0.experience,
        c1_0.hit,
        c1_0.level,
        c1_0.magic_defense,
        c1_0.magic_attack,
        c1_0.magic_evade,
        c1_0.magic_hit,
        c1_0.max_hp,
        c1_0.max_mp,
        c1_0.move,
        c1_0.name,
        c1_0.physical_defense,
        c1_0.physical_attack,
        c1_0.positionx,
        c1_0.positiony,
        c1_0.speed,
        c1_0.state,
        c1_0.updated_at,
        c1_0.utilisateur_id 
    from
        characters c1_0 
    left join
        utilisateurs u1_0 
            on u1_0.id=c1_0.utilisateur_id 
    where
        u1_0.id=?
]]></system-out>
  </testcase>
  <testcase name="createCharacter_withoutAuth_forbidden" classname="com.example.rpg.controller.CharacterControllerIntegrationTest" time="0.025">
    <system-out><![CDATA[2025-10-30T14:44:24.164+01:00 DEBUG 156763 --- [rpg-multijoueur] [           main] org.hibernate.SQL                        : 
    select
        c1_0.id,
        c1_0.character_class,
        c1_0.created_at,
        c1_0.crit_rate,
        c1_0.current_hp,
        c1_0.current_mp,
        c1_0.destiny,
        c1_0.evade,
        c1_0.experience,
        c1_0.hit,
        c1_0.level,
        c1_0.magic_defense,
        c1_0.magic_attack,
        c1_0.magic_evade,
        c1_0.magic_hit,
        c1_0.max_hp,
        c1_0.max_mp,
        c1_0.move,
        c1_0.name,
        c1_0.physical_defense,
        c1_0.physical_attack,
        c1_0.positionx,
        c1_0.positiony,
        c1_0.speed,
        c1_0.state,
        c1_0.updated_at,
        c1_0.utilisateur_id 
    from
        characters c1_0
Hibernate: 
    select
        c1_0.id,
        c1_0.character_class,
        c1_0.created_at,
        c1_0.crit_rate,
        c1_0.current_hp,
        c1_0.current_mp,
        c1_0.destiny,
        c1_0.evade,
        c1_0.experience,
        c1_0.hit,
        c1_0.level,
        c1_0.magic_defense,
        c1_0.magic_attack,
        c1_0.magic_evade,
        c1_0.magic_hit,
        c1_0.max_hp,
        c1_0.max_mp,
        c1_0.move,
        c1_0.name,
        c1_0.physical_defense,
        c1_0.physical_attack,
        c1_0.positionx,
        c1_0.positiony,
        c1_0.speed,
        c1_0.state,
        c1_0.updated_at,
        c1_0.utilisateur_id 
    from
        characters c1_0
2025-10-30T14:44:24.166+01:00 DEBUG 156763 --- [rpg-multijoueur] [           main] org.hibernate.SQL                        : 
    select
        u1_0.id,
        u1_0.created_at,
        u1_0.email,
        u1_0.enabled,
        u1_0.password,
        r1_0.utilisateur_id,
        r1_0.role,
        u1_0.username 
    from
        utilisateurs u1_0 
    left join
        utilisateur_roles r1_0 
            on u1_0.id=r1_0.utilisateur_id 
    where
        u1_0.id=?
Hibernate: 
    select
        u1_0.id,
        u1_0.created_at,
        u1_0.email,
        u1_0.enabled,
        u1_0.password,
        r1_0.utilisateur_id,
        r1_0.role,
        u1_0.username 
    from
        utilisateurs u1_0 
    left join
        utilisateur_roles r1_0 
            on u1_0.id=r1_0.utilisateur_id 
    where
        u1_0.id=?
2025-10-30T14:44:24.168+01:00 DEBUG 156763 --- [rpg-multijoueur] [           main] org.hibernate.SQL                        : 
    delete 
    from
        characters 
    where
        id=?
Hibernate: 
    delete 
    from
        characters 
    where
        id=?
2025-10-30T14:44:24.170+01:00 DEBUG 156763 --- [rpg-multijoueur] [           main] org.hibernate.SQL                        : 
    select
        u1_0.id,
        u1_0.created_at,
        u1_0.email,
        u1_0.enabled,
        u1_0.password,
        u1_0.username 
    from
        utilisateurs u1_0
Hibernate: 
    select
        u1_0.id,
        u1_0.created_at,
        u1_0.email,
        u1_0.enabled,
        u1_0.password,
        u1_0.username 
    from
        utilisateurs u1_0
2025-10-30T14:44:24.171+01:00 DEBUG 156763 --- [rpg-multijoueur] [           main] org.hibernate.SQL                        : 
    select
        r1_0.utilisateur_id,
        r1_0.role 
    from
        utilisateur_roles r1_0 
    where
        r1_0.utilisateur_id=?
Hibernate: 
    select
        r1_0.utilisateur_id,
        r1_0.role 
    from
        utilisateur_roles r1_0 
    where
        r1_0.utilisateur_id=?
2025-10-30T14:44:24.172+01:00 DEBUG 156763 --- [rpg-multijoueur] [           main] org.hibernate.SQL                        : 
    delete 
    from
        utilisateur_roles 
    where
        utilisateur_id=?
Hibernate: 
    delete 
    from
        utilisateur_roles 
    where
        utilisateur_id=?
2025-10-30T14:44:24.173+01:00 DEBUG 156763 --- [rpg-multijoueur] [           main] org.hibernate.SQL                        : 
    delete 
    from
        utilisateurs 
    where
        id=?
Hibernate: 
    delete 
    from
        utilisateurs 
    where
        id=?
2025-10-30T14:44:24.175+01:00 DEBUG 156763 --- [rpg-multijoueur] [           main] o.s.security.web.FilterChainProxy        : Securing POST /api/character/create
2025-10-30T14:44:24.175+01:00 DEBUG 156763 --- [rpg-multijoueur] [           main] o.s.s.w.a.AnonymousAuthenticationFilter  : Set SecurityContextHolder to anonymous SecurityContext
2025-10-30T14:44:24.179+01:00 DEBUG 156763 --- [rpg-multijoueur] [           main] o.s.s.w.a.Http403ForbiddenEntryPoint     : Pre-authenticated entry point called. Rejecting access
]]></system-out>
  </testcase>
  <testcase name="createCharacter_duplicateName_conflict" classname="com.example.rpg.controller.CharacterControllerIntegrationTest" time="0.371">
    <system-out><![CDATA[2025-10-30T14:44:24.193+01:00 DEBUG 156763 --- [rpg-multijoueur] [           main] org.hibernate.SQL                        : 
    select
        c1_0.id,
        c1_0.character_class,
        c1_0.created_at,
        c1_0.crit_rate,
        c1_0.current_hp,
        c1_0.current_mp,
        c1_0.destiny,
        c1_0.evade,
        c1_0.experience,
        c1_0.hit,
        c1_0.level,
        c1_0.magic_defense,
        c1_0.magic_attack,
        c1_0.magic_evade,
        c1_0.magic_hit,
        c1_0.max_hp,
        c1_0.max_mp,
        c1_0.move,
        c1_0.name,
        c1_0.physical_defense,
        c1_0.physical_attack,
        c1_0.positionx,
        c1_0.positiony,
        c1_0.speed,
        c1_0.state,
        c1_0.updated_at,
        c1_0.utilisateur_id 
    from
        characters c1_0
Hibernate: 
    select
        c1_0.id,
        c1_0.character_class,
        c1_0.created_at,
        c1_0.crit_rate,
        c1_0.current_hp,
        c1_0.current_mp,
        c1_0.destiny,
        c1_0.evade,
        c1_0.experience,
        c1_0.hit,
        c1_0.level,
        c1_0.magic_defense,
        c1_0.magic_attack,
        c1_0.magic_evade,
        c1_0.magic_hit,
        c1_0.max_hp,
        c1_0.max_mp,
        c1_0.move,
        c1_0.name,
        c1_0.physical_defense,
        c1_0.physical_attack,
        c1_0.positionx,
        c1_0.positiony,
        c1_0.speed,
        c1_0.state,
        c1_0.updated_at,
        c1_0.utilisateur_id 
    from
        characters c1_0
2025-10-30T14:44:24.196+01:00 DEBUG 156763 --- [rpg-multijoueur] [           main] org.hibernate.SQL                        : 
    select
        u1_0.id,
        u1_0.created_at,
        u1_0.email,
        u1_0.enabled,
        u1_0.password,
        u1_0.username 
    from
        utilisateurs u1_0
Hibernate: 
    select
        u1_0.id,
        u1_0.created_at,
        u1_0.email,
        u1_0.enabled,
        u1_0.password,
        u1_0.username 
    from
        utilisateurs u1_0
2025-10-30T14:44:24.199+01:00 DEBUG 156763 --- [rpg-multijoueur] [           main] o.s.security.web.FilterChainProxy        : Securing POST /auth/register
2025-10-30T14:44:24.200+01:00 DEBUG 156763 --- [rpg-multijoueur] [           main] o.s.s.w.a.AnonymousAuthenticationFilter  : Set SecurityContextHolder to anonymous SecurityContext
2025-10-30T14:44:24.200+01:00 DEBUG 156763 --- [rpg-multijoueur] [           main] o.s.security.web.FilterChainProxy        : Secured POST /auth/register
2025-10-30T14:44:24.203+01:00 DEBUG 156763 --- [rpg-multijoueur] [           main] org.hibernate.SQL                        : 
    select
        u1_0.id 
    from
        utilisateurs u1_0 
    where
        u1_0.username=? 
    fetch
        first ? rows only
Hibernate: 
    select
        u1_0.id 
    from
        utilisateurs u1_0 
    where
        u1_0.username=? 
    fetch
        first ? rows only
2025-10-30T14:44:24.205+01:00 DEBUG 156763 --- [rpg-multijoueur] [           main] org.hibernate.SQL                        : 
    select
        u1_0.id 
    from
        utilisateurs u1_0 
    where
        u1_0.email=? 
    fetch
        first ? rows only
Hibernate: 
    select
        u1_0.id 
    from
        utilisateurs u1_0 
    where
        u1_0.email=? 
    fetch
        first ? rows only
2025-10-30T14:44:24.277+01:00 DEBUG 156763 --- [rpg-multijoueur] [           main] org.hibernate.SQL                        : 
    insert 
    into
        utilisateurs
        (created_at, email, enabled, password, username, id) 
    values
        (?, ?, ?, ?, ?, default)
Hibernate: 
    insert 
    into
        utilisateurs
        (created_at, email, enabled, password, username, id) 
    values
        (?, ?, ?, ?, ?, default)
2025-10-30T14:44:24.278+01:00 DEBUG 156763 --- [rpg-multijoueur] [           main] org.hibernate.SQL                        : 
    insert 
    into
        utilisateur_roles
        (utilisateur_id, role) 
    values
        (?, ?)
Hibernate: 
    insert 
    into
        utilisateur_roles
        (utilisateur_id, role) 
    values
        (?, ?)
2025-10-30T14:44:24.281+01:00 DEBUG 156763 --- [rpg-multijoueur] [           main] org.hibernate.SQL                        : 
    select
        u1_0.id,
        u1_0.created_at,
        u1_0.email,
        u1_0.enabled,
        u1_0.password,
        u1_0.username 
    from
        utilisateurs u1_0 
    where
        u1_0.username=?
Hibernate: 
    select
        u1_0.id,
        u1_0.created_at,
        u1_0.email,
        u1_0.enabled,
        u1_0.password,
        u1_0.username 
    from
        utilisateurs u1_0 
    where
        u1_0.username=?
2025-10-30T14:44:24.283+01:00 DEBUG 156763 --- [rpg-multijoueur] [           main] o.s.security.web.FilterChainProxy        : Securing POST /auth/login
2025-10-30T14:44:24.284+01:00 DEBUG 156763 --- [rpg-multijoueur] [           main] o.s.s.w.a.AnonymousAuthenticationFilter  : Set SecurityContextHolder to anonymous SecurityContext
2025-10-30T14:44:24.284+01:00 DEBUG 156763 --- [rpg-multijoueur] [           main] o.s.security.web.FilterChainProxy        : Secured POST /auth/login
2025-10-30T14:44:24.286+01:00 DEBUG 156763 --- [rpg-multijoueur] [           main] org.hibernate.SQL                        : 
    select
        u1_0.id,
        u1_0.created_at,
        u1_0.email,
        u1_0.enabled,
        u1_0.password,
        u1_0.username 
    from
        utilisateurs u1_0 
    where
        u1_0.username=?
Hibernate: 
    select
        u1_0.id,
        u1_0.created_at,
        u1_0.email,
        u1_0.enabled,
        u1_0.password,
        u1_0.username 
    from
        utilisateurs u1_0 
    where
        u1_0.username=?
2025-10-30T14:44:24.286+01:00 DEBUG 156763 --- [rpg-multijoueur] [           main] org.hibernate.SQL                        : 
    select
        r1_0.utilisateur_id,
        r1_0.role 
    from
        utilisateur_roles r1_0 
    where
        r1_0.utilisateur_id=?
Hibernate: 
    select
        r1_0.utilisateur_id,
        r1_0.role 
    from
        utilisateur_roles r1_0 
    where
        r1_0.utilisateur_id=?
2025-10-30T14:44:24.356+01:00 DEBUG 156763 --- [rpg-multijoueur] [           main] org.hibernate.SQL                        : 
    select
        u1_0.id,
        u1_0.created_at,
        u1_0.email,
        u1_0.enabled,
        u1_0.password,
        u1_0.username 
    from
        utilisateurs u1_0 
    where
        u1_0.username=?
Hibernate: 
    select
        u1_0.id,
        u1_0.created_at,
        u1_0.email,
        u1_0.enabled,
        u1_0.password,
        u1_0.username 
    from
        utilisateurs u1_0 
    where
        u1_0.username=?
2025-10-30T14:44:24.361+01:00 DEBUG 156763 --- [rpg-multijoueur] [           main] o.s.security.web.FilterChainProxy        : Securing POST /auth/register
2025-10-30T14:44:24.362+01:00 DEBUG 156763 --- [rpg-multijoueur] [           main] o.s.s.w.a.AnonymousAuthenticationFilter  : Set SecurityContextHolder to anonymous SecurityContext
2025-10-30T14:44:24.362+01:00 DEBUG 156763 --- [rpg-multijoueur] [           main] o.s.security.web.FilterChainProxy        : Secured POST /auth/register
2025-10-30T14:44:24.365+01:00 DEBUG 156763 --- [rpg-multijoueur] [           main] org.hibernate.SQL                        : 
    select
        u1_0.id 
    from
        utilisateurs u1_0 
    where
        u1_0.username=? 
    fetch
        first ? rows only
Hibernate: 
    select
        u1_0.id 
    from
        utilisateurs u1_0 
    where
        u1_0.username=? 
    fetch
        first ? rows only
2025-10-30T14:44:24.367+01:00 DEBUG 156763 --- [rpg-multijoueur] [           main] org.hibernate.SQL                        : 
    select
        u1_0.id 
    from
        utilisateurs u1_0 
    where
        u1_0.email=? 
    fetch
        first ? rows only
Hibernate: 
    select
        u1_0.id 
    from
        utilisateurs u1_0 
    where
        u1_0.email=? 
    fetch
        first ? rows only
2025-10-30T14:44:24.439+01:00 DEBUG 156763 --- [rpg-multijoueur] [           main] org.hibernate.SQL                        : 
    insert 
    into
        utilisateurs
        (created_at, email, enabled, password, username, id) 
    values
        (?, ?, ?, ?, ?, default)
Hibernate: 
    insert 
    into
        utilisateurs
        (created_at, email, enabled, password, username, id) 
    values
        (?, ?, ?, ?, ?, default)
2025-10-30T14:44:24.441+01:00 DEBUG 156763 --- [rpg-multijoueur] [           main] org.hibernate.SQL                        : 
    insert 
    into
        utilisateur_roles
        (utilisateur_id, role) 
    values
        (?, ?)
Hibernate: 
    insert 
    into
        utilisateur_roles
        (utilisateur_id, role) 
    values
        (?, ?)
2025-10-30T14:44:24.443+01:00 DEBUG 156763 --- [rpg-multijoueur] [           main] org.hibernate.SQL                        : 
    select
        u1_0.id,
        u1_0.created_at,
        u1_0.email,
        u1_0.enabled,
        u1_0.password,
        u1_0.username 
    from
        utilisateurs u1_0 
    where
        u1_0.username=?
Hibernate: 
    select
        u1_0.id,
        u1_0.created_at,
        u1_0.email,
        u1_0.enabled,
        u1_0.password,
        u1_0.username 
    from
        utilisateurs u1_0 
    where
        u1_0.username=?
2025-10-30T14:44:24.446+01:00 DEBUG 156763 --- [rpg-multijoueur] [           main] o.s.security.web.FilterChainProxy        : Securing POST /auth/login
2025-10-30T14:44:24.446+01:00 DEBUG 156763 --- [rpg-multijoueur] [           main] o.s.s.w.a.AnonymousAuthenticationFilter  : Set SecurityContextHolder to anonymous SecurityContext
2025-10-30T14:44:24.447+01:00 DEBUG 156763 --- [rpg-multijoueur] [           main] o.s.security.web.FilterChainProxy        : Secured POST /auth/login
2025-10-30T14:44:24.450+01:00 DEBUG 156763 --- [rpg-multijoueur] [           main] org.hibernate.SQL                        : 
    select
        u1_0.id,
        u1_0.created_at,
        u1_0.email,
        u1_0.enabled,
        u1_0.password,
        u1_0.username 
    from
        utilisateurs u1_0 
    where
        u1_0.username=?
Hibernate: 
    select
        u1_0.id,
        u1_0.created_at,
        u1_0.email,
        u1_0.enabled,
        u1_0.password,
        u1_0.username 
    from
        utilisateurs u1_0 
    where
        u1_0.username=?
2025-10-30T14:44:24.450+01:00 DEBUG 156763 --- [rpg-multijoueur] [           main] org.hibernate.SQL                        : 
    select
        r1_0.utilisateur_id,
        r1_0.role 
    from
        utilisateur_roles r1_0 
    where
        r1_0.utilisateur_id=?
Hibernate: 
    select
        r1_0.utilisateur_id,
        r1_0.role 
    from
        utilisateur_roles r1_0 
    where
        r1_0.utilisateur_id=?
2025-10-30T14:44:24.520+01:00 DEBUG 156763 --- [rpg-multijoueur] [           main] org.hibernate.SQL                        : 
    select
        u1_0.id,
        u1_0.created_at,
        u1_0.email,
        u1_0.enabled,
        u1_0.password,
        u1_0.username 
    from
        utilisateurs u1_0 
    where
        u1_0.username=?
Hibernate: 
    select
        u1_0.id,
        u1_0.created_at,
        u1_0.email,
        u1_0.enabled,
        u1_0.password,
        u1_0.username 
    from
        utilisateurs u1_0 
    where
        u1_0.username=?
2025-10-30T14:44:24.522+01:00 DEBUG 156763 --- [rpg-multijoueur] [           main] o.s.security.web.FilterChainProxy        : Securing POST /api/character/create
2025-10-30T14:44:24.525+01:00 DEBUG 156763 --- [rpg-multijoueur] [           main] org.hibernate.SQL                        : 
    select
        u1_0.id,
        u1_0.created_at,
        u1_0.email,
        u1_0.enabled,
        u1_0.password,
        u1_0.username 
    from
        utilisateurs u1_0 
    where
        u1_0.username=?
Hibernate: 
    select
        u1_0.id,
        u1_0.created_at,
        u1_0.email,
        u1_0.enabled,
        u1_0.password,
        u1_0.username 
    from
        utilisateurs u1_0 
    where
        u1_0.username=?
2025-10-30T14:44:24.526+01:00 DEBUG 156763 --- [rpg-multijoueur] [           main] org.hibernate.SQL                        : 
    select
        r1_0.utilisateur_id,
        r1_0.role 
    from
        utilisateur_roles r1_0 
    where
        r1_0.utilisateur_id=?
Hibernate: 
    select
        r1_0.utilisateur_id,
        r1_0.role 
    from
        utilisateur_roles r1_0 
    where
        r1_0.utilisateur_id=?
2025-10-30T14:44:24.527+01:00 DEBUG 156763 --- [rpg-multijoueur] [           main] o.s.security.web.FilterChainProxy        : Secured POST /api/character/create
2025-10-30T14:44:24.530+01:00 DEBUG 156763 --- [rpg-multijoueur] [           main] org.hibernate.SQL                        : 
    select
        u1_0.id,
        u1_0.created_at,
        u1_0.email,
        u1_0.enabled,
        u1_0.password,
        u1_0.username 
    from
        utilisateurs u1_0 
    where
        u1_0.username=?
Hibernate: 
    select
        u1_0.id,
        u1_0.created_at,
        u1_0.email,
        u1_0.enabled,
        u1_0.password,
        u1_0.username 
    from
        utilisateurs u1_0 
    where
        u1_0.username=?
2025-10-30T14:44:24.531+01:00 DEBUG 156763 --- [rpg-multijoueur] [           main] org.hibernate.SQL                        : 
    select
        r1_0.utilisateur_id,
        r1_0.role 
    from
        utilisateur_roles r1_0 
    where
        r1_0.utilisateur_id=?
Hibernate: 
    select
        r1_0.utilisateur_id,
        r1_0.role 
    from
        utilisateur_roles r1_0 
    where
        r1_0.utilisateur_id=?
2025-10-30T14:44:24.532+01:00 DEBUG 156763 --- [rpg-multijoueur] [           main] org.hibernate.SQL                        : 
    select
        count(c1_0.id) 
    from
        characters c1_0 
    left join
        utilisateurs u1_0 
            on u1_0.id=c1_0.utilisateur_id 
    where
        u1_0.id=?
Hibernate: 
    select
        count(c1_0.id) 
    from
        characters c1_0 
    left join
        utilisateurs u1_0 
            on u1_0.id=c1_0.utilisateur_id 
    where
        u1_0.id=?
2025-10-30T14:44:24.534+01:00 DEBUG 156763 --- [rpg-multijoueur] [           main] org.hibernate.SQL                        : 
    select
        c1_0.id 
    from
        characters c1_0 
    where
        c1_0.name=? 
    fetch
        first ? rows only
Hibernate: 
    select
        c1_0.id 
    from
        characters c1_0 
    where
        c1_0.name=? 
    fetch
        first ? rows only
2025-10-30T14:44:24.535+01:00 DEBUG 156763 --- [rpg-multijoueur] [           main] org.hibernate.SQL                        : 
    insert 
    into
        characters
        (character_class, created_at, crit_rate, current_hp, current_mp, destiny, evade, experience, hit, level, magic_defense, magic_attack, magic_evade, magic_hit, max_hp, max_mp, move, name, physical_defense, physical_attack, positionx, positiony, speed, state, updated_at, utilisateur_id, id) 
    values
        (?, ?, ?, ?, ?, ?, ?, ?, ?, ?, ?, ?, ?, ?, ?, ?, ?, ?, ?, ?, ?, ?, ?, ?, ?, ?, default)
Hibernate: 
    insert 
    into
        characters
        (character_class, created_at, crit_rate, current_hp, current_mp, destiny, evade, experience, hit, level, magic_defense, magic_attack, magic_evade, magic_hit, max_hp, max_mp, move, name, physical_defense, physical_attack, positionx, positiony, speed, state, updated_at, utilisateur_id, id) 
    values
        (?, ?, ?, ?, ?, ?, ?, ?, ?, ?, ?, ?, ?, ?, ?, ?, ?, ?, ?, ?, ?, ?, ?, ?, ?, ?, default)
2025-10-30T14:44:24.538+01:00 DEBUG 156763 --- [rpg-multijoueur] [           main] o.s.security.web.FilterChainProxy        : Securing POST /api/character/create
2025-10-30T14:44:24.541+01:00 DEBUG 156763 --- [rpg-multijoueur] [           main] org.hibernate.SQL                        : 
    select
        u1_0.id,
        u1_0.created_at,
        u1_0.email,
        u1_0.enabled,
        u1_0.password,
        u1_0.username 
    from
        utilisateurs u1_0 
    where
        u1_0.username=?
Hibernate: 
    select
        u1_0.id,
        u1_0.created_at,
        u1_0.email,
        u1_0.enabled,
        u1_0.password,
        u1_0.username 
    from
        utilisateurs u1_0 
    where
        u1_0.username=?
2025-10-30T14:44:24.542+01:00 DEBUG 156763 --- [rpg-multijoueur] [           main] org.hibernate.SQL                        : 
    select
        r1_0.utilisateur_id,
        r1_0.role 
    from
        utilisateur_roles r1_0 
    where
        r1_0.utilisateur_id=?
Hibernate: 
    select
        r1_0.utilisateur_id,
        r1_0.role 
    from
        utilisateur_roles r1_0 
    where
        r1_0.utilisateur_id=?
2025-10-30T14:44:24.544+01:00 DEBUG 156763 --- [rpg-multijoueur] [           main] o.s.security.web.FilterChainProxy        : Secured POST /api/character/create
2025-10-30T14:44:24.546+01:00 DEBUG 156763 --- [rpg-multijoueur] [           main] org.hibernate.SQL                        : 
    select
        u1_0.id,
        u1_0.created_at,
        u1_0.email,
        u1_0.enabled,
        u1_0.password,
        u1_0.username 
    from
        utilisateurs u1_0 
    where
        u1_0.username=?
Hibernate: 
    select
        u1_0.id,
        u1_0.created_at,
        u1_0.email,
        u1_0.enabled,
        u1_0.password,
        u1_0.username 
    from
        utilisateurs u1_0 
    where
        u1_0.username=?
2025-10-30T14:44:24.547+01:00 DEBUG 156763 --- [rpg-multijoueur] [           main] org.hibernate.SQL                        : 
    select
        r1_0.utilisateur_id,
        r1_0.role 
    from
        utilisateur_roles r1_0 
    where
        r1_0.utilisateur_id=?
Hibernate: 
    select
        r1_0.utilisateur_id,
        r1_0.role 
    from
        utilisateur_roles r1_0 
    where
        r1_0.utilisateur_id=?
2025-10-30T14:44:24.548+01:00 DEBUG 156763 --- [rpg-multijoueur] [           main] org.hibernate.SQL                        : 
    select
        count(c1_0.id) 
    from
        characters c1_0 
    left join
        utilisateurs u1_0 
            on u1_0.id=c1_0.utilisateur_id 
    where
        u1_0.id=?
Hibernate: 
    select
        count(c1_0.id) 
    from
        characters c1_0 
    left join
        utilisateurs u1_0 
            on u1_0.id=c1_0.utilisateur_id 
    where
        u1_0.id=?
2025-10-30T14:44:24.550+01:00 DEBUG 156763 --- [rpg-multijoueur] [           main] org.hibernate.SQL                        : 
    select
        c1_0.id 
    from
        characters c1_0 
    where
        c1_0.name=? 
    fetch
        first ? rows only
Hibernate: 
    select
        c1_0.id 
    from
        characters c1_0 
    where
        c1_0.name=? 
    fetch
        first ? rows only
]]></system-out>
  </testcase>
</testsuite>